2008-07-10 12:24:37 Notice: Notice (8): Undefined property: SideblockComponent::$controller in [APP/controllers/components/sideblock.php, line 15]
2008-07-10 12:24:37 Notice: Notice (8): Trying to get property of non-object in [APP/controllers/components/sideblock.php, line 15]
2008-07-10 12:25:05 Notice: Notice (8): Undefined property: SideblockComponent::$controller in [APP/controllers/components/sideblock.php, line 15]
2008-07-10 12:25:05 Notice: Notice (8): Trying to get property of non-object in [APP/controllers/components/sideblock.php, line 15]
2008-07-10 12:25:28 Notice: Notice (8): Undefined property: SideblockComponent::$controller in [APP/controllers/components/sideblock.php, line 15]
2008-07-10 12:25:28 Notice: Notice (8): Trying to get property of non-object in [APP/controllers/components/sideblock.php, line 15]
2008-07-10 12:25:57 Notice: Notice (8): Undefined property: SideblockComponent::$controller in [APP/controllers/components/sideblock.php, line 15]
2008-07-10 12:25:57 Notice: Notice (8): Trying to get property of non-object in [APP/controllers/components/sideblock.php, line 15]
2008-07-10 12:27:05 Notice: Notice (8): Undefined property: SideblockComponent::$controller in [APP/controllers/components/sideblock.php, line 15]
2008-07-10 12:27:05 Notice: Notice (8): Trying to get property of non-object in [APP/controllers/components/sideblock.php, line 15]
2008-07-10 12:28:54 Notice: Notice (8): Undefined property: SideblockComponent::$controller in [APP/controllers/components/sideblock.php, line 15]
2008-07-10 12:28:54 Notice: Notice (8): Trying to get property of non-object in [APP/controllers/components/sideblock.php, line 15]
2008-07-10 15:11:53 Notice: Notice (8): Undefined property: SideblockComponent::$controller in [APP/controllers/components/sideblock.php, line 15]
2008-07-10 15:11:53 Notice: Notice (8): Trying to get property of non-object in [APP/controllers/components/sideblock.php, line 15]
2008-07-10 15:54:33 Notice: Notice (8): Undefined property: SideblockComponent::$controller in [APP/controllers/components/sideblock.php, line 15]
2008-07-10 15:54:33 Notice: Notice (8): Trying to get property of non-object in [APP/controllers/components/sideblock.php, line 15]
2008-07-10 15:55:03 Notice: Notice (8): Undefined property: SideblockComponent::$controller in [APP/controllers/components/sideblock.php, line 15]
2008-07-10 15:55:03 Notice: Notice (8): Trying to get property of non-object in [APP/controllers/components/sideblock.php, line 15]
2008-07-10 15:55:21 Notice: Notice (8): Undefined property: SideblockComponent::$controller in [APP/controllers/components/sideblock.php, line 15]
2008-07-10 15:55:21 Notice: Notice (8): Trying to get property of non-object in [APP/controllers/components/sideblock.php, line 15]
2008-07-10 16:37:04 Notice: Notice (8): Undefined property: SideblockComponent::$controller in [APP/controllers/components/sideblock.php, line 15]
2008-07-10 16:37:04 Notice: Notice (8): Trying to get property of non-object in [APP/controllers/components/sideblock.php, line 15]
2008-07-10 19:59:09 Notice: Notice (8): Undefined property: SideblockComponent::$controller in [APP/controllers/components/sideblock.php, line 15]
2008-07-10 19:59:09 Notice: Notice (8): Trying to get property of non-object in [APP/controllers/components/sideblock.php, line 15]
2008-07-10 20:02:15 Notice: Notice (8): Undefined property: SideblockComponent::$controller in [APP/controllers/components/sideblock.php, line 15]
2008-07-10 20:02:15 Notice: Notice (8): Trying to get property of non-object in [APP/controllers/components/sideblock.php, line 15]
2008-07-11 11:01:38 Notice: Notice (8): Undefined property: SideblockComponent::$controller in [APP/controllers/components/sideblock.php, line 15]
2008-07-11 11:01:38 Notice: Notice (8): Trying to get property of non-object in [APP/controllers/components/sideblock.php, line 15]
2008-07-11 11:18:28 Notice: Notice (8): Undefined property: SideblockComponent::$controller in [APP/controllers/components/sideblock.php, line 15]
2008-07-11 11:18:28 Notice: Notice (8): Trying to get property of non-object in [APP/controllers/components/sideblock.php, line 15]
2008-07-11 11:30:21 Notice: Notice (8): Undefined variable: utype in [APP/controllers/torrents_controller.php, line 312]
2008-07-11 11:30:36 Notice: Notice (8): Undefined index:  Uploadtype in [APP/controllers/torrents_controller.php, line 313]
2008-07-11 11:30:37 Notice: Notice (8): Undefined index:  Uploadtype in [APP/controllers/torrents_controller.php, line 313]
2008-07-11 11:30:53 Notice: Notice (8): Undefined index:  Uploadtype in [APP/controllers/torrents_controller.php, line 314]
2008-07-11 11:31:16 Notice: Notice (8): Undefined index:  Uploadtype in [APP/controllers/torrents_controller.php, line 314]
2008-07-11 11:31:19 Notice: Notice (8): Undefined index:  Uploadtype in [APP/controllers/torrents_controller.php, line 314]
2008-07-11 11:31:48 Notice: Notice (8): Undefined index:  Uploadtype in [APP/controllers/torrents_controller.php, line 314]
2008-07-11 11:33:18 Notice: Notice (8): Undefined index:  Uploadtype in [APP/controllers/torrents_controller.php, line 314]
2008-07-11 11:34:09 Notice: Notice (8): Undefined index:  Uploadtype in [APP/controllers/torrents_controller.php, line 316]
2008-07-11 11:44:11 Notice: Notice (8): Undefined property: SideblockComponent::$controller in [APP/controllers/components/sideblock.php, line 15]
2008-07-11 11:44:11 Notice: Notice (8): Trying to get property of non-object in [APP/controllers/components/sideblock.php, line 15]
2008-07-11 11:45:28 Notice: Notice (8): Undefined property: SideblockComponent::$controller in [APP/controllers/components/sideblock.php, line 15]
2008-07-11 11:45:28 Notice: Notice (8): Trying to get property of non-object in [APP/controllers/components/sideblock.php, line 15]
2008-07-11 11:55:25 Notice: Notice (8): Undefined property: SideblockComponent::$controller in [APP/controllers/components/sideblock.php, line 15]
2008-07-11 11:55:25 Notice: Notice (8): Trying to get property of non-object in [APP/controllers/components/sideblock.php, line 15]
2008-07-11 11:55:25 Notice: Notice (8): Undefined property: SideblockComponent::$controller in [APP/controllers/components/sideblock.php, line 15]
2008-07-11 11:55:25 Notice: Notice (8): Trying to get property of non-object in [APP/controllers/components/sideblock.php, line 15]
2008-07-11 11:55:37 Notice: Notice (8): Undefined property: SideblockComponent::$controller in [APP/controllers/components/sideblock.php, line 15]
2008-07-11 11:55:37 Notice: Notice (8): Trying to get property of non-object in [APP/controllers/components/sideblock.php, line 15]
2008-07-11 11:55:37 Notice: Notice (8): Undefined property: SideblockComponent::$controller in [APP/controllers/components/sideblock.php, line 15]
2008-07-11 11:55:37 Notice: Notice (8): Trying to get property of non-object in [APP/controllers/components/sideblock.php, line 15]
2008-07-11 11:55:41 Notice: Notice (8): Undefined property: SideblockComponent::$controller in [APP/controllers/components/sideblock.php, line 15]
2008-07-11 11:55:41 Notice: Notice (8): Trying to get property of non-object in [APP/controllers/components/sideblock.php, line 15]
2008-07-11 12:17:33 Notice: Notice (8): Undefined property: SideblockComponent::$controller in [APP/controllers/components/sideblock.php, line 15]
2008-07-11 12:17:33 Notice: Notice (8): Trying to get property of non-object in [APP/controllers/components/sideblock.php, line 15]
2008-07-11 12:19:43 Notice: Notice (8): Undefined index:  request_url in [APP/tmp/smarty/compile/%%F8^F85^F857E227%%index.tpl.php, line 13]
2008-07-11 12:19:43 Notice: Notice (8): Undefined index:  total in [APP/tmp/smarty/compile/%%F8^F85^F857E227%%index.tpl.php, line 13]
2008-07-11 12:19:43 Notice: Notice (8): Undefined index:  offset in [APP/tmp/smarty/compile/%%F8^F85^F857E227%%index.tpl.php, line 13]
2008-07-11 12:19:43 Notice: Notice (8): Undefined index:  torrent in [APP/tmp/smarty/compile/%%F8^F85^F857E227%%index.tpl.php, line 23]
2008-07-11 12:19:43 Notice: Notice (8): Undefined index:  torrent in [APP/tmp/smarty/compile/%%F8^F85^F857E227%%index.tpl.php, line 28]
2008-07-11 12:19:43 Notice: Notice (8): Undefined index:  torrent in [APP/tmp/smarty/compile/%%F8^F85^F857E227%%index.tpl.php, line 29]
2008-07-11 12:19:43 Notice: Notice (8): Undefined index:  torrent in [APP/tmp/smarty/compile/%%F8^F85^F857E227%%index.tpl.php, line 33]
2008-07-11 12:19:43 Notice: Notice (8): Undefined index:  torrent in [APP/tmp/smarty/compile/%%F8^F85^F857E227%%index.tpl.php, line 35]
2008-07-11 12:19:43 Notice: Notice (8): Undefined index:  torrent in [APP/tmp/smarty/compile/%%F8^F85^F857E227%%index.tpl.php, line 37]
2008-07-11 12:19:43 Notice: Notice (8): Undefined index:  torrent in [APP/tmp/smarty/compile/%%F8^F85^F857E227%%index.tpl.php, line 39]
2008-07-11 12:19:43 Notice: Notice (8): Undefined index:  torrent in [APP/tmp/smarty/compile/%%F8^F85^F857E227%%index.tpl.php, line 41]
2008-07-11 12:19:43 Notice: Notice (8): Undefined index:  torrent in [APP/tmp/smarty/compile/%%F8^F85^F857E227%%index.tpl.php, line 47]
2008-07-11 12:19:43 Notice: Notice (8): Undefined index:  torrent in [APP/tmp/smarty/compile/%%F8^F85^F857E227%%index.tpl.php, line 48]
2008-07-11 12:19:43 Notice: Notice (8): Undefined index:  torrent in [APP/tmp/smarty/compile/%%F8^F85^F857E227%%index.tpl.php, line 49]
2008-07-11 12:19:43 Notice: Notice (8): Undefined index:  torrent in [APP/tmp/smarty/compile/%%F8^F85^F857E227%%index.tpl.php, line 50]
2008-07-11 12:19:43 Notice: Notice (8): Undefined index:  torrent in [APP/tmp/smarty/compile/%%F8^F85^F857E227%%index.tpl.php, line 51]
2008-07-11 12:19:43 Notice: Notice (8): Undefined index:  torrent in [APP/tmp/smarty/compile/%%F8^F85^F857E227%%index.tpl.php, line 52]
2008-07-11 12:19:43 Notice: Notice (8): Undefined index:  torrent in [APP/tmp/smarty/compile/%%F8^F85^F857E227%%index.tpl.php, line 57]
2008-07-11 12:19:43 Notice: Notice (8): Undefined index:  torrent in [APP/tmp/smarty/compile/%%F8^F85^F857E227%%index.tpl.php, line 70]
2008-07-11 12:19:43 Notice: Notice (8): Undefined index:  torrent in [APP/tmp/smarty/compile/%%F8^F85^F857E227%%index.tpl.php, line 71]
2008-07-11 12:19:43 Notice: Notice (8): Undefined index:  torrent in [APP/tmp/smarty/compile/%%F8^F85^F857E227%%index.tpl.php, line 72]
2008-07-11 12:19:43 Notice: Notice (8): Undefined index:  torrent in [APP/tmp/smarty/compile/%%F8^F85^F857E227%%index.tpl.php, line 74]
2008-07-11 12:19:43 Notice: Notice (8): Undefined index:  torrent in [APP/tmp/smarty/compile/%%F8^F85^F857E227%%index.tpl.php, line 76]
2008-07-11 12:19:43 Notice: Notice (8): Undefined index:  request_url in [APP/tmp/smarty/compile/%%F8^F85^F857E227%%index.tpl.php, line 89]
2008-07-11 12:19:43 Notice: Notice (8): Undefined index:  total in [APP/tmp/smarty/compile/%%F8^F85^F857E227%%index.tpl.php, line 89]
2008-07-11 12:19:43 Notice: Notice (8): Undefined index:  offset in [APP/tmp/smarty/compile/%%F8^F85^F857E227%%index.tpl.php, line 89]
2008-07-11 12:19:44 Notice: Notice (8): Undefined property: SideblockComponent::$controller in [APP/controllers/components/sideblock.php, line 15]
2008-07-11 12:19:44 Notice: Notice (8): Trying to get property of non-object in [APP/controllers/components/sideblock.php, line 15]
2008-07-11 12:23:02 Notice: Notice (8): Undefined index:  request_url in [APP/tmp/smarty/compile/%%F8^F85^F857E227%%index.tpl.php, line 13]
2008-07-11 12:23:02 Notice: Notice (8): Undefined index:  total in [APP/tmp/smarty/compile/%%F8^F85^F857E227%%index.tpl.php, line 13]
2008-07-11 12:23:02 Notice: Notice (8): Undefined index:  offset in [APP/tmp/smarty/compile/%%F8^F85^F857E227%%index.tpl.php, line 13]
2008-07-11 12:23:02 Notice: Notice (8): Undefined index:  torrent in [APP/tmp/smarty/compile/%%F8^F85^F857E227%%index.tpl.php, line 44]
2008-07-11 12:23:02 Notice: Notice (8): Undefined index:  torrent in [APP/tmp/smarty/compile/%%F8^F85^F857E227%%index.tpl.php, line 45]
2008-07-11 12:23:02 Notice: Notice (8): Undefined index:  torrent in [APP/tmp/smarty/compile/%%F8^F85^F857E227%%index.tpl.php, line 46]
2008-07-11 12:23:02 Notice: Notice (8): Undefined index:  torrent in [APP/tmp/smarty/compile/%%F8^F85^F857E227%%index.tpl.php, line 47]
2008-07-11 12:23:02 Notice: Notice (8): Undefined index:  torrent in [APP/tmp/smarty/compile/%%F8^F85^F857E227%%index.tpl.php, line 52]
2008-07-11 12:23:02 Notice: Notice (8): Undefined index:  torrent in [APP/tmp/smarty/compile/%%F8^F85^F857E227%%index.tpl.php, line 53]
2008-07-11 12:23:02 Notice: Notice (8): Undefined index:  torrent in [APP/tmp/smarty/compile/%%F8^F85^F857E227%%index.tpl.php, line 54]
2008-07-11 12:23:02 Notice: Notice (8): Undefined index:  torrent in [APP/tmp/smarty/compile/%%F8^F85^F857E227%%index.tpl.php, line 56]
2008-07-11 12:23:02 Notice: Notice (8): Undefined index:  torrent in [APP/tmp/smarty/compile/%%F8^F85^F857E227%%index.tpl.php, line 58]
2008-07-11 12:23:02 Notice: Notice (8): Undefined index:  request_url in [APP/tmp/smarty/compile/%%F8^F85^F857E227%%index.tpl.php, line 71]
2008-07-11 12:23:02 Notice: Notice (8): Undefined index:  total in [APP/tmp/smarty/compile/%%F8^F85^F857E227%%index.tpl.php, line 71]
2008-07-11 12:23:02 Notice: Notice (8): Undefined index:  offset in [APP/tmp/smarty/compile/%%F8^F85^F857E227%%index.tpl.php, line 71]
2008-07-11 12:23:03 Notice: Notice (8): Undefined property: SideblockComponent::$controller in [APP/controllers/components/sideblock.php, line 15]
2008-07-11 12:23:03 Notice: Notice (8): Trying to get property of non-object in [APP/controllers/components/sideblock.php, line 15]
2008-07-11 12:24:36 Notice: Notice (8): Undefined index:  request_url in [APP/tmp/smarty/compile/%%F8^F85^F857E227%%index.tpl.php, line 13]
2008-07-11 12:24:36 Notice: Notice (8): Undefined index:  total in [APP/tmp/smarty/compile/%%F8^F85^F857E227%%index.tpl.php, line 13]
2008-07-11 12:24:36 Notice: Notice (8): Undefined index:  offset in [APP/tmp/smarty/compile/%%F8^F85^F857E227%%index.tpl.php, line 13]
2008-07-11 12:24:36 Notice: Notice (8): Undefined index:  request_url in [APP/tmp/smarty/compile/%%F8^F85^F857E227%%index.tpl.php, line 58]
2008-07-11 12:24:36 Notice: Notice (8): Undefined index:  total in [APP/tmp/smarty/compile/%%F8^F85^F857E227%%index.tpl.php, line 58]
2008-07-11 12:24:36 Notice: Notice (8): Undefined index:  offset in [APP/tmp/smarty/compile/%%F8^F85^F857E227%%index.tpl.php, line 58]
2008-07-11 12:26:22 Notice: Notice (8): Undefined index:  total in [APP/tmp/smarty/compile/%%F8^F85^F857E227%%index.tpl.php, line 9]
2008-07-11 12:26:22 Notice: Notice (8): Undefined index:  total in [APP/tmp/smarty/compile/%%F8^F85^F857E227%%index.tpl.php, line 54]
2008-07-11 12:27:12 Notice: Notice (8): Undefined index:  Bookmarks in [APP/controllers/bookmarks_controller.php, line 15]
2008-07-11 12:27:13 Notice: Notice (8): Undefined index:  Bookmarks in [APP/controllers/bookmarks_controller.php, line 15]
2008-07-11 12:27:25 Notice: Notice (8): Undefined index:  Bookmark in [APP/controllers/bookmarks_controller.php, line 15]
2008-07-11 12:27:26 Notice: Notice (8): Undefined index:  Bookmark in [APP/controllers/bookmarks_controller.php, line 15]
2008-07-11 12:30:51 Notice: Notice (8): Undefined property: SideblockComponent::$controller in [APP/controllers/components/sideblock.php, line 15]
2008-07-11 12:30:51 Notice: Notice (8): Trying to get property of non-object in [APP/controllers/components/sideblock.php, line 15]
2008-07-11 12:51:33 Notice: Notice (8): Undefined index:  thml in [APP/tmp/smarty/compile/%%F8^F85^F857E227%%index.tpl.php, line 7]
2008-07-11 13:01:35 Notice: Notice (8): Undefined property: SideblockComponent::$controller in [APP/controllers/components/sideblock.php, line 15]
2008-07-11 13:01:35 Notice: Notice (8): Trying to get property of non-object in [APP/controllers/components/sideblock.php, line 15]
2008-07-11 13:13:02 Notice: Notice (8): Undefined property: SideblockComponent::$controller in [APP/controllers/components/sideblock.php, line 15]
2008-07-11 13:13:02 Notice: Notice (8): Trying to get property of non-object in [APP/controllers/components/sideblock.php, line 15]
2008-07-11 13:32:41 Notice: Notice (8): Undefined property: SideblockComponent::$controller in [APP/controllers/components/sideblock.php, line 15]
2008-07-11 13:32:41 Notice: Notice (8): Trying to get property of non-object in [APP/controllers/components/sideblock.php, line 15]
2008-07-12 16:29:27 Notice: Notice (8): Undefined property: SideblockComponent::$controller in [APP/controllers/components/sideblock.php, line 15]
2008-07-12 16:29:27 Notice: Notice (8): Trying to get property of non-object in [APP/controllers/components/sideblock.php, line 15]
2008-07-12 16:30:12 Notice: Notice (8): Undefined property: SideblockComponent::$controller in [APP/controllers/components/sideblock.php, line 15]
2008-07-12 16:30:12 Notice: Notice (8): Trying to get property of non-object in [APP/controllers/components/sideblock.php, line 15]
2008-07-12 16:31:19 Notice: Notice (8): Undefined property: SideblockComponent::$controller in [APP/controllers/components/sideblock.php, line 15]
2008-07-12 16:31:20 Notice: Notice (8): Trying to get property of non-object in [APP/controllers/components/sideblock.php, line 15]
2008-07-12 16:43:13 Notice: Notice (8): Undefined property: SideblockComponent::$controller in [APP/controllers/components/sideblock.php, line 15]
2008-07-12 16:43:13 Notice: Notice (8): Trying to get property of non-object in [APP/controllers/components/sideblock.php, line 15]
2008-07-12 16:49:41 Notice: Notice (8): Undefined property: SideblockComponent::$controller in [APP/controllers/components/sideblock.php, line 15]
2008-07-12 16:49:41 Notice: Notice (8): Trying to get property of non-object in [APP/controllers/components/sideblock.php, line 15]
2008-07-13 13:58:35 Notice: Notice (8): Undefined property: SideblockComponent::$controller in [APP/controllers/components/sideblock.php, line 15]
2008-07-13 13:58:35 Notice: Notice (8): Trying to get property of non-object in [APP/controllers/components/sideblock.php, line 15]
2008-07-13 13:59:01 Notice: Notice (8): Undefined property: SideblockComponent::$controller in [APP/controllers/components/sideblock.php, line 15]
2008-07-13 13:59:01 Notice: Notice (8): Trying to get property of non-object in [APP/controllers/components/sideblock.php, line 15]
2008-07-13 14:00:39 Notice: Notice (8): Undefined index:  Menu in [APP/views/helpers/menu.php, line 9]
2008-07-13 14:01:53 Notice: Notice (8): Undefined index:  Menu in [APP/views/helpers/menu.php, line 9]
2008-07-13 15:00:41 Notice: Notice (8): Undefined index:  users in [APP/tmp/smarty/compile/%%52^521^521BC2E6%%friends.tpl.php, line 28]
2008-07-13 15:02:54 Notice: Notice (8): Undefined index:  Group in [APP/tmp/smarty/compile/%%52^521^521BC2E6%%friends.tpl.php, line 17]
2008-07-13 15:02:54 Notice: Notice (8): Undefined index:  Group in [APP/tmp/smarty/compile/%%52^521^521BC2E6%%friends.tpl.php, line 20]
2008-07-13 15:02:54 Notice: Notice (8): Undefined index:  Country in [APP/tmp/smarty/compile/%%52^521^521BC2E6%%friends.tpl.php, line 38]
2008-07-13 15:02:55 Notice: Notice (8): Undefined index:  Menu in [APP/views/helpers/menu.php, line 9]
2008-07-13 15:02:55 Notice: Notice (8): Undefined index:  UserMenu in [APP/tmp/smarty/compile/%%87^878^878ECA9A%%sidebar.tpl.php, line 8]
2008-07-13 15:04:24 Notice: Notice (8): Undefined index:  Group in [APP/tmp/smarty/compile/%%52^521^521BC2E6%%friends.tpl.php, line 17]
2008-07-13 15:04:24 Notice: Notice (8): Undefined index:  Group in [APP/tmp/smarty/compile/%%52^521^521BC2E6%%friends.tpl.php, line 20]
2008-07-13 15:04:24 Notice: Notice (8): Undefined index:  Country in [APP/tmp/smarty/compile/%%52^521^521BC2E6%%friends.tpl.php, line 38]
2008-07-13 15:04:25 Notice: Notice (8): Undefined index:  Menu in [APP/views/helpers/menu.php, line 9]
2008-07-13 15:04:25 Notice: Notice (8): Undefined index:  UserMenu in [APP/tmp/smarty/compile/%%87^878^878ECA9A%%sidebar.tpl.php, line 8]
2008-07-13 15:04:30 Notice: Notice (8): Undefined index:  Group in [APP/tmp/smarty/compile/%%52^521^521BC2E6%%friends.tpl.php, line 17]
2008-07-13 15:04:30 Notice: Notice (8): Undefined index:  Group in [APP/tmp/smarty/compile/%%52^521^521BC2E6%%friends.tpl.php, line 20]
2008-07-13 15:04:30 Notice: Notice (8): Undefined index:  Country in [APP/tmp/smarty/compile/%%52^521^521BC2E6%%friends.tpl.php, line 38]
2008-07-13 15:04:32 Notice: Notice (8): Undefined index:  Menu in [APP/views/helpers/menu.php, line 9]
2008-07-13 15:04:32 Notice: Notice (8): Undefined index:  UserMenu in [APP/tmp/smarty/compile/%%87^878^878ECA9A%%sidebar.tpl.php, line 8]
2008-07-13 15:05:03 Notice: Notice (8): Undefined index:  Group in [APP/tmp/smarty/compile/%%52^521^521BC2E6%%friends.tpl.php, line 17]
2008-07-13 15:05:03 Notice: Notice (8): Undefined index:  Group in [APP/tmp/smarty/compile/%%52^521^521BC2E6%%friends.tpl.php, line 20]
2008-07-13 15:05:03 Notice: Notice (8): Undefined index:  Country in [APP/tmp/smarty/compile/%%52^521^521BC2E6%%friends.tpl.php, line 38]
2008-07-13 15:05:05 Notice: Notice (8): Undefined index:  Menu in [APP/views/helpers/menu.php, line 9]
2008-07-13 15:05:05 Notice: Notice (8): Undefined index:  UserMenu in [APP/tmp/smarty/compile/%%87^878^878ECA9A%%sidebar.tpl.php, line 8]
2008-07-13 15:10:04 Notice: Notice (8): Undefined index:  Group in [APP/tmp/smarty/compile/%%52^521^521BC2E6%%friends.tpl.php, line 17]
2008-07-13 15:10:04 Notice: Notice (8): Undefined index:  Group in [APP/tmp/smarty/compile/%%52^521^521BC2E6%%friends.tpl.php, line 20]
2008-07-13 15:10:04 Notice: Notice (8): Undefined index:  Country in [APP/tmp/smarty/compile/%%52^521^521BC2E6%%friends.tpl.php, line 38]
2008-07-13 15:10:05 Notice: Notice (8): Undefined index:  Menu in [APP/views/helpers/menu.php, line 9]
2008-07-13 15:10:05 Notice: Notice (8): Undefined index:  UserMenu in [APP/tmp/smarty/compile/%%87^878^878ECA9A%%sidebar.tpl.php, line 8]
2008-07-13 15:10:12 Notice: Notice (8): Undefined index:  Menu in [APP/views/helpers/menu.php, line 9]
2008-07-13 15:10:12 Notice: Notice (8): Undefined index:  UserMenu in [APP/tmp/smarty/compile/%%87^878^878ECA9A%%sidebar.tpl.php, line 8]
2008-07-13 15:10:25 Notice: Notice (8): Undefined index:  Menu in [APP/views/helpers/menu.php, line 9]
2008-07-13 15:10:25 Notice: Notice (8): Undefined index:  UserMenu in [APP/tmp/smarty/compile/%%87^878^878ECA9A%%sidebar.tpl.php, line 8]
2008-07-13 15:10:31 Notice: Notice (8): Undefined index:  Group in [APP/tmp/smarty/compile/%%52^521^521BC2E6%%friends.tpl.php, line 17]
2008-07-13 15:10:31 Notice: Notice (8): Undefined index:  Group in [APP/tmp/smarty/compile/%%52^521^521BC2E6%%friends.tpl.php, line 20]
2008-07-13 15:10:31 Notice: Notice (8): Undefined index:  Country in [APP/tmp/smarty/compile/%%52^521^521BC2E6%%friends.tpl.php, line 38]
2008-07-13 15:10:32 Notice: Notice (8): Undefined index:  Menu in [APP/views/helpers/menu.php, line 9]
2008-07-13 15:10:32 Notice: Notice (8): Undefined index:  UserMenu in [APP/tmp/smarty/compile/%%87^878^878ECA9A%%sidebar.tpl.php, line 8]
2008-07-13 15:11:51 Notice: Notice (8): Undefined index:  Group in [APP/tmp/smarty/compile/%%52^521^521BC2E6%%friends.tpl.php, line 17]
2008-07-13 15:11:51 Notice: Notice (8): Undefined index:  Group in [APP/tmp/smarty/compile/%%52^521^521BC2E6%%friends.tpl.php, line 20]
2008-07-13 15:11:51 Notice: Notice (8): Undefined index:  Country in [APP/tmp/smarty/compile/%%52^521^521BC2E6%%friends.tpl.php, line 38]
2008-07-13 15:11:53 Notice: Notice (8): Undefined index:  Menu in [APP/views/helpers/menu.php, line 9]
2008-07-13 15:11:53 Notice: Notice (8): Undefined index:  UserMenu in [APP/tmp/smarty/compile/%%87^878^878ECA9A%%sidebar.tpl.php, line 8]
2008-07-13 15:13:10 Notice: Notice (8): Undefined index:  Group in [APP/tmp/smarty/compile/%%52^521^521BC2E6%%friends.tpl.php, line 17]
2008-07-13 15:13:10 Notice: Notice (8): Undefined index:  Group in [APP/tmp/smarty/compile/%%52^521^521BC2E6%%friends.tpl.php, line 20]
2008-07-13 15:13:10 Notice: Notice (8): Undefined index:  Country in [APP/tmp/smarty/compile/%%52^521^521BC2E6%%friends.tpl.php, line 38]
2008-07-13 15:13:12 Notice: Notice (8): Undefined index:  Menu in [APP/views/helpers/menu.php, line 9]
2008-07-13 15:13:12 Notice: Notice (8): Undefined index:  UserMenu in [APP/tmp/smarty/compile/%%87^878^878ECA9A%%sidebar.tpl.php, line 8]
2008-07-13 15:13:40 Notice: Notice (8): Undefined index:  Menu in [APP/views/helpers/menu.php, line 9]
2008-07-13 15:13:40 Notice: Notice (8): Undefined index:  UserMenu in [APP/tmp/smarty/compile/%%87^878^878ECA9A%%sidebar.tpl.php, line 8]
2008-07-13 15:13:47 Notice: Notice (8): Undefined index:  Menu in [APP/views/helpers/menu.php, line 9]
2008-07-13 15:13:47 Notice: Notice (8): Undefined index:  UserMenu in [APP/tmp/smarty/compile/%%87^878^878ECA9A%%sidebar.tpl.php, line 8]
2008-07-13 15:16:45 Notice: Notice (8): Undefined index:  Group in [APP/tmp/smarty/compile/%%52^521^521BC2E6%%friends.tpl.php, line 17]
2008-07-13 15:16:45 Notice: Notice (8): Undefined index:  Group in [APP/tmp/smarty/compile/%%52^521^521BC2E6%%friends.tpl.php, line 20]
2008-07-13 15:16:45 Notice: Notice (8): Undefined index:  Country in [APP/tmp/smarty/compile/%%52^521^521BC2E6%%friends.tpl.php, line 38]
2008-07-13 15:16:47 Notice: Notice (8): Undefined index:  Menu in [APP/views/helpers/menu.php, line 9]
2008-07-13 15:16:47 Notice: Notice (8): Undefined index:  UserMenu in [APP/tmp/smarty/compile/%%87^878^878ECA9A%%sidebar.tpl.php, line 8]
2008-07-13 15:17:20 Notice: Notice (8): Undefined index:  Group in [APP/tmp/smarty/compile/%%52^521^521BC2E6%%friends.tpl.php, line 17]
2008-07-13 15:17:20 Notice: Notice (8): Undefined index:  Group in [APP/tmp/smarty/compile/%%52^521^521BC2E6%%friends.tpl.php, line 20]
2008-07-13 15:17:20 Notice: Notice (8): Undefined index:  Country in [APP/tmp/smarty/compile/%%52^521^521BC2E6%%friends.tpl.php, line 38]
2008-07-13 15:17:21 Notice: Notice (8): Undefined index:  Menu in [APP/views/helpers/menu.php, line 9]
2008-07-13 15:17:21 Notice: Notice (8): Undefined index:  UserMenu in [APP/tmp/smarty/compile/%%87^878^878ECA9A%%sidebar.tpl.php, line 8]
2008-07-13 15:17:52 Notice: Notice (8): Undefined index:  Menu in [APP/views/helpers/menu.php, line 9]
2008-07-13 15:17:52 Notice: Notice (8): Undefined index:  UserMenu in [APP/tmp/smarty/compile/%%87^878^878ECA9A%%sidebar.tpl.php, line 8]
2008-07-13 15:27:58 Notice: Notice (8): Undefined index:  Menu in [APP/views/helpers/menu.php, line 9]
2008-07-13 15:27:58 Notice: Notice (8): Undefined index:  UserMenu in [APP/tmp/smarty/compile/%%87^878^878ECA9A%%sidebar.tpl.php, line 8]
2008-07-13 15:33:26 Notice: Notice (8): Undefined index:  Menu in [APP/views/helpers/menu.php, line 9]
2008-07-13 15:33:26 Notice: Notice (8): Undefined index:  UserMenu in [APP/tmp/smarty/compile/%%87^878^878ECA9A%%sidebar.tpl.php, line 8]
2008-07-13 15:39:56 Notice: Notice (8): Undefined index:  Menu in [APP/views/helpers/menu.php, line 9]
2008-07-13 15:39:56 Notice: Notice (8): Undefined index:  UserMenu in [APP/tmp/smarty/compile/%%87^878^878ECA9A%%sidebar.tpl.php, line 8]
2008-07-13 15:41:43 Notice: Notice (8): Undefined index:  Menu in [APP/views/helpers/menu.php, line 9]
2008-07-13 15:41:43 Notice: Notice (8): Undefined index:  UserMenu in [APP/tmp/smarty/compile/%%87^878^878ECA9A%%sidebar.tpl.php, line 8]
2008-07-13 15:49:47 Notice: Notice (8): Undefined index:  Menu in [APP/views/helpers/menu.php, line 9]
2008-07-13 15:49:47 Notice: Notice (8): Undefined index:  UserMenu in [APP/tmp/smarty/compile/%%87^878^878ECA9A%%sidebar.tpl.php, line 8]
2008-07-13 15:50:55 Notice: Notice (8): Undefined index:  Menu in [APP/views/helpers/menu.php, line 9]
2008-07-13 15:50:55 Notice: Notice (8): Undefined index:  UserMenu in [APP/tmp/smarty/compile/%%87^878^878ECA9A%%sidebar.tpl.php, line 8]
2008-07-13 15:51:29 Notice: Notice (8): Undefined index:  Menu in [APP/views/helpers/menu.php, line 9]
2008-07-13 15:51:29 Notice: Notice (8): Undefined index:  UserMenu in [APP/tmp/smarty/compile/%%87^878^878ECA9A%%sidebar.tpl.php, line 8]
2008-07-13 15:51:52 Notice: Notice (8): Undefined index:  Menu in [APP/views/helpers/menu.php, line 9]
2008-07-13 15:51:52 Notice: Notice (8): Undefined index:  UserMenu in [APP/tmp/smarty/compile/%%87^878^878ECA9A%%sidebar.tpl.php, line 8]
2008-07-13 15:52:36 Notice: Notice (8): Undefined index:  Menu in [APP/views/helpers/menu.php, line 9]
2008-07-13 15:52:36 Notice: Notice (8): Undefined index:  UserMenu in [APP/tmp/smarty/compile/%%87^878^878ECA9A%%sidebar.tpl.php, line 8]
2008-07-13 15:53:54 Notice: Notice (8): Undefined index:  Menu in [APP/views/helpers/menu.php, line 9]
2008-07-13 15:53:54 Notice: Notice (8): Undefined index:  UserMenu in [APP/tmp/smarty/compile/%%87^878^878ECA9A%%sidebar.tpl.php, line 8]
2008-07-13 15:54:27 Notice: Notice (8): Undefined index:  Menu in [APP/views/helpers/menu.php, line 9]
2008-07-13 15:54:27 Notice: Notice (8): Undefined index:  UserMenu in [APP/tmp/smarty/compile/%%87^878^878ECA9A%%sidebar.tpl.php, line 8]
2008-07-13 15:54:47 Notice: Notice (8): Undefined index:  Menu in [APP/views/helpers/menu.php, line 9]
2008-07-13 15:54:47 Notice: Notice (8): Undefined index:  UserMenu in [APP/tmp/smarty/compile/%%87^878^878ECA9A%%sidebar.tpl.php, line 8]
2008-07-13 16:07:10 Notice: Notice (8): Undefined index:  Menu in [APP/views/helpers/menu.php, line 9]
2008-07-13 16:07:11 Notice: Notice (8): Undefined index:  UserMenu in [APP/tmp/smarty/compile/%%87^878^878ECA9A%%sidebar.tpl.php, line 8]
2008-07-13 16:07:46 Notice: Notice (8): Undefined index:  Menu in [APP/views/helpers/menu.php, line 9]
2008-07-13 16:07:46 Notice: Notice (8): Undefined index:  UserMenu in [APP/tmp/smarty/compile/%%87^878^878ECA9A%%sidebar.tpl.php, line 8]
2008-07-13 16:10:09 Notice: Notice (8): Undefined index:  Menu in [APP/views/helpers/menu.php, line 9]
2008-07-13 16:10:09 Notice: Notice (8): Undefined index:  UserMenu in [APP/tmp/smarty/compile/%%87^878^878ECA9A%%sidebar.tpl.php, line 8]
2008-07-13 16:10:46 Notice: Notice (8): Undefined index:  Menu in [APP/views/helpers/menu.php, line 9]
2008-07-13 16:10:46 Notice: Notice (8): Undefined index:  UserMenu in [APP/tmp/smarty/compile/%%87^878^878ECA9A%%sidebar.tpl.php, line 8]
2008-07-13 16:11:00 Notice: Notice (8): Undefined index:  Menu in [APP/views/helpers/menu.php, line 9]
2008-07-13 16:11:00 Notice: Notice (8): Undefined index:  UserMenu in [APP/tmp/smarty/compile/%%87^878^878ECA9A%%sidebar.tpl.php, line 8]
2008-07-13 16:11:04 Notice: Notice (8): Undefined index:  Menu in [APP/views/helpers/menu.php, line 9]
2008-07-13 16:11:04 Notice: Notice (8): Undefined index:  UserMenu in [APP/tmp/smarty/compile/%%87^878^878ECA9A%%sidebar.tpl.php, line 8]
2008-07-13 16:11:12 Notice: Notice (8): Undefined index:  Menu in [APP/views/helpers/menu.php, line 9]
2008-07-13 16:11:12 Notice: Notice (8): Undefined index:  UserMenu in [APP/tmp/smarty/compile/%%87^878^878ECA9A%%sidebar.tpl.php, line 8]
2008-07-13 16:13:44 Notice: Notice (8): Undefined index:  Menu in [APP/views/helpers/menu.php, line 9]
2008-07-13 16:13:44 Notice: Notice (8): Undefined index:  UserMenu in [APP/tmp/smarty/compile/%%87^878^878ECA9A%%sidebar.tpl.php, line 8]
2008-07-13 16:13:56 Notice: Notice (8): Undefined index:  Menu in [APP/views/helpers/menu.php, line 9]
2008-07-13 16:13:56 Notice: Notice (8): Undefined index:  UserMenu in [APP/tmp/smarty/compile/%%87^878^878ECA9A%%sidebar.tpl.php, line 8]
2008-07-13 16:14:01 Notice: Notice (8): Undefined index:  Menu in [APP/views/helpers/menu.php, line 9]
2008-07-13 16:14:01 Notice: Notice (8): Undefined index:  UserMenu in [APP/tmp/smarty/compile/%%87^878^878ECA9A%%sidebar.tpl.php, line 8]
2008-07-13 16:23:03 Notice: Notice (8): Undefined index:  Menu in [APP/views/helpers/menu.php, line 9]
2008-07-13 16:23:03 Notice: Notice (8): Undefined index:  UserMenu in [APP/tmp/smarty/compile/%%87^878^878ECA9A%%sidebar.tpl.php, line 8]
2008-07-13 16:23:07 Notice: Notice (8): Undefined index:  Menu in [APP/views/helpers/menu.php, line 9]
2008-07-13 16:23:07 Notice: Notice (8): Undefined index:  UserMenu in [APP/tmp/smarty/compile/%%87^878^878ECA9A%%sidebar.tpl.php, line 8]
2008-07-13 16:23:11 Notice: Notice (8): Undefined index:  Menu in [APP/views/helpers/menu.php, line 9]
2008-07-13 16:23:11 Notice: Notice (8): Undefined index:  UserMenu in [APP/tmp/smarty/compile/%%87^878^878ECA9A%%sidebar.tpl.php, line 8]
2008-07-13 16:23:20 Notice: Notice (8): Undefined index:  Menu in [APP/views/helpers/menu.php, line 9]
2008-07-13 16:23:20 Notice: Notice (8): Undefined index:  UserMenu in [APP/tmp/smarty/compile/%%87^878^878ECA9A%%sidebar.tpl.php, line 8]
2008-07-13 16:23:25 Notice: Notice (8): Undefined index:  Menu in [APP/views/helpers/menu.php, line 9]
2008-07-13 16:23:25 Notice: Notice (8): Undefined index:  UserMenu in [APP/tmp/smarty/compile/%%87^878^878ECA9A%%sidebar.tpl.php, line 8]
2008-07-13 16:23:51 Notice: Notice (8): Undefined index:  Menu in [APP/views/helpers/menu.php, line 9]
2008-07-13 16:23:51 Notice: Notice (8): Undefined index:  UserMenu in [APP/tmp/smarty/compile/%%87^878^878ECA9A%%sidebar.tpl.php, line 8]
2008-07-13 16:23:56 Notice: Notice (8): Undefined index:  Menu in [APP/views/helpers/menu.php, line 9]
2008-07-13 16:23:56 Notice: Notice (8): Undefined index:  UserMenu in [APP/tmp/smarty/compile/%%87^878^878ECA9A%%sidebar.tpl.php, line 8]
2008-07-13 16:25:05 Notice: Notice (8): Undefined index:  Menu in [APP/views/helpers/menu.php, line 9]
2008-07-13 16:25:05 Notice: Notice (8): Undefined index:  UserMenu in [APP/tmp/smarty/compile/%%87^878^878ECA9A%%sidebar.tpl.php, line 8]
2008-07-13 16:25:25 Notice: Notice (8): Undefined index:  Menu in [APP/views/helpers/menu.php, line 9]
2008-07-13 16:25:25 Notice: Notice (8): Undefined index:  UserMenu in [APP/tmp/smarty/compile/%%87^878^878ECA9A%%sidebar.tpl.php, line 8]
2008-07-13 16:25:57 Notice: Notice (8): Undefined index:  Menu in [APP/views/helpers/menu.php, line 9]
2008-07-13 16:25:57 Notice: Notice (8): Undefined index:  UserMenu in [APP/tmp/smarty/compile/%%87^878^878ECA9A%%sidebar.tpl.php, line 8]
2008-07-13 16:28:23 Notice: Notice (8): Undefined index:  Menu in [APP/views/helpers/menu.php, line 9]
2008-07-13 16:28:23 Notice: Notice (8): Undefined index:  UserMenu in [APP/tmp/smarty/compile/%%87^878^878ECA9A%%sidebar.tpl.php, line 8]
2008-07-13 16:30:44 Notice: Notice (8): Undefined index:  id in [APP/models/friend.php, line 24]
2008-07-13 16:31:35 Notice: Notice (8): Undefined index:  Menu in [APP/views/helpers/menu.php, line 9]
2008-07-13 16:31:35 Notice: Notice (8): Undefined index:  UserMenu in [APP/tmp/smarty/compile/%%87^878^878ECA9A%%sidebar.tpl.php, line 8]
2008-07-13 16:47:47 Notice: Notice (8): Undefined index:  Menu in [APP/views/helpers/menu.php, line 9]
2008-07-13 16:47:47 Notice: Notice (8): Undefined index:  UserMenu in [APP/tmp/smarty/compile/%%87^878^878ECA9A%%sidebar.tpl.php, line 8]
2008-07-13 16:48:58 Notice: Notice (8): Undefined index:  Menu in [APP/views/helpers/menu.php, line 9]
2008-07-13 16:48:58 Notice: Notice (8): Undefined index:  UserMenu in [APP/tmp/smarty/compile/%%87^878^878ECA9A%%sidebar.tpl.php, line 8]
2008-07-13 16:49:10 Notice: Notice (8): Undefined index:  Menu in [APP/views/helpers/menu.php, line 9]
2008-07-13 16:49:10 Notice: Notice (8): Undefined index:  UserMenu in [APP/tmp/smarty/compile/%%87^878^878ECA9A%%sidebar.tpl.php, line 8]
2008-07-13 16:54:42 Notice: Notice (8): Undefined index:  Menu in [APP/views/helpers/menu.php, line 9]
2008-07-13 16:54:42 Notice: Notice (8): Undefined index:  UserMenu in [APP/tmp/smarty/compile/%%87^878^878ECA9A%%sidebar.tpl.php, line 8]
2008-07-13 16:54:47 Notice: Notice (8): Undefined index:  Menu in [APP/views/helpers/menu.php, line 9]
2008-07-13 16:54:47 Notice: Notice (8): Undefined index:  UserMenu in [APP/tmp/smarty/compile/%%87^878^878ECA9A%%sidebar.tpl.php, line 8]
2008-07-13 16:56:15 Notice: Notice (8): Undefined index:  Menu in [APP/views/helpers/menu.php, line 9]
2008-07-13 16:56:15 Notice: Notice (8): Undefined index:  UserMenu in [APP/tmp/smarty/compile/%%87^878^878ECA9A%%sidebar.tpl.php, line 8]
2008-07-13 18:20:57 Notice: Notice (8): Undefined variable: limit in [APP/controllers/torrents_controller.php, line 411]
2008-07-13 18:20:57 Notice: Notice (8): Undefined variable: offset in [APP/controllers/torrents_controller.php, line 411]
2008-07-13 18:20:57 Notice: Notice (8): Undefined index:  request_url in [APP/tmp/smarty/compile/%%98^987^987DC5E5%%train.tpl.php, line 28]
2008-07-13 18:20:57 Notice: Notice (8): Undefined index:  total in [APP/tmp/smarty/compile/%%98^987^987DC5E5%%train.tpl.php, line 28]
2008-07-13 18:20:57 Notice: Notice (8): Undefined index:  offset in [APP/tmp/smarty/compile/%%98^987^987DC5E5%%train.tpl.php, line 28]
2008-07-13 18:20:57 Notice: Notice (8): Undefined index:  request_url in [APP/tmp/smarty/compile/%%98^987^987DC5E5%%train.tpl.php, line 105]
2008-07-13 18:20:57 Notice: Notice (8): Undefined index:  total in [APP/tmp/smarty/compile/%%98^987^987DC5E5%%train.tpl.php, line 105]
2008-07-13 18:20:57 Notice: Notice (8): Undefined index:  offset in [APP/tmp/smarty/compile/%%98^987^987DC5E5%%train.tpl.php, line 105]
2008-07-13 18:20:58 Notice: Notice (8): Undefined variable: limit in [APP/controllers/torrents_controller.php, line 411]
2008-07-13 18:20:58 Notice: Notice (8): Undefined variable: offset in [APP/controllers/torrents_controller.php, line 411]
2008-07-13 18:20:58 Notice: Notice (8): Undefined index:  request_url in [APP/tmp/smarty/compile/%%98^987^987DC5E5%%train.tpl.php, line 28]
2008-07-13 18:20:58 Notice: Notice (8): Undefined index:  total in [APP/tmp/smarty/compile/%%98^987^987DC5E5%%train.tpl.php, line 28]
2008-07-13 18:20:58 Notice: Notice (8): Undefined index:  offset in [APP/tmp/smarty/compile/%%98^987^987DC5E5%%train.tpl.php, line 28]
2008-07-13 18:20:58 Notice: Notice (8): Undefined index:  request_url in [APP/tmp/smarty/compile/%%98^987^987DC5E5%%train.tpl.php, line 105]
2008-07-13 18:20:58 Notice: Notice (8): Undefined index:  total in [APP/tmp/smarty/compile/%%98^987^987DC5E5%%train.tpl.php, line 105]
2008-07-13 18:20:58 Notice: Notice (8): Undefined index:  offset in [APP/tmp/smarty/compile/%%98^987^987DC5E5%%train.tpl.php, line 105]
2008-07-13 18:21:59 Notice: Notice (8): Undefined index:  request_url in [APP/tmp/smarty/compile/%%98^987^987DC5E5%%train.tpl.php, line 28]
2008-07-13 18:21:59 Notice: Notice (8): Undefined index:  total in [APP/tmp/smarty/compile/%%98^987^987DC5E5%%train.tpl.php, line 28]
2008-07-13 18:21:59 Notice: Notice (8): Undefined index:  offset in [APP/tmp/smarty/compile/%%98^987^987DC5E5%%train.tpl.php, line 28]
2008-07-13 18:21:59 Notice: Notice (8): Undefined index:  request_url in [APP/tmp/smarty/compile/%%98^987^987DC5E5%%train.tpl.php, line 105]
2008-07-13 18:21:59 Notice: Notice (8): Undefined index:  total in [APP/tmp/smarty/compile/%%98^987^987DC5E5%%train.tpl.php, line 105]
2008-07-13 18:21:59 Notice: Notice (8): Undefined index:  offset in [APP/tmp/smarty/compile/%%98^987^987DC5E5%%train.tpl.php, line 105]
2008-07-13 18:22:11 Notice: Notice (8): Undefined index:  request_url in [APP/tmp/smarty/compile/%%98^987^987DC5E5%%train.tpl.php, line 28]
2008-07-13 18:22:11 Notice: Notice (8): Undefined index:  total in [APP/tmp/smarty/compile/%%98^987^987DC5E5%%train.tpl.php, line 28]
2008-07-13 18:22:11 Notice: Notice (8): Undefined index:  offset in [APP/tmp/smarty/compile/%%98^987^987DC5E5%%train.tpl.php, line 28]
2008-07-13 18:22:11 Notice: Notice (8): Undefined index:  request_url in [APP/tmp/smarty/compile/%%98^987^987DC5E5%%train.tpl.php, line 105]
2008-07-13 18:22:11 Notice: Notice (8): Undefined index:  total in [APP/tmp/smarty/compile/%%98^987^987DC5E5%%train.tpl.php, line 105]
2008-07-13 18:22:11 Notice: Notice (8): Undefined index:  offset in [APP/tmp/smarty/compile/%%98^987^987DC5E5%%train.tpl.php, line 105]
2008-07-13 18:22:13 Notice: Notice (8): Undefined index:  Menu in [APP/views/helpers/menu.php, line 9]
2008-07-13 18:22:13 Notice: Notice (8): Undefined index:  UserMenu in [APP/tmp/smarty/compile/%%87^878^878ECA9A%%sidebar.tpl.php, line 8]
2008-07-13 18:22:13 Notice: Notice (8): Undefined index:  Menu in [APP/views/helpers/menu.php, line 9]
2008-07-13 18:22:13 Notice: Notice (8): Undefined index:  UserMenu in [APP/tmp/smarty/compile/%%87^878^878ECA9A%%sidebar.tpl.php, line 8]
2008-07-13 18:23:27 Notice: Notice (8): Undefined index:  Menu in [APP/views/helpers/menu.php, line 9]
2008-07-13 18:23:27 Notice: Notice (8): Undefined index:  UserMenu in [APP/tmp/smarty/compile/%%87^878^878ECA9A%%sidebar.tpl.php, line 8]
2008-07-13 18:23:27 Notice: Notice (8): Undefined index:  Menu in [APP/views/helpers/menu.php, line 9]
2008-07-13 18:23:27 Notice: Notice (8): Undefined index:  UserMenu in [APP/tmp/smarty/compile/%%87^878^878ECA9A%%sidebar.tpl.php, line 8]
2008-07-13 18:24:51 Notice: Notice (8): Undefined index:  Menu in [APP/views/helpers/menu.php, line 9]
2008-07-13 18:24:51 Notice: Notice (8): Undefined index:  Menu in [APP/views/helpers/menu.php, line 9]
2008-07-13 18:24:51 Notice: Notice (8): Undefined index:  UserMenu in [APP/tmp/smarty/compile/%%87^878^878ECA9A%%sidebar.tpl.php, line 8]
2008-07-13 18:24:51 Notice: Notice (8): Undefined index:  UserMenu in [APP/tmp/smarty/compile/%%87^878^878ECA9A%%sidebar.tpl.php, line 8]
2008-07-13 18:26:31 Notice: Notice (8): Undefined index:  Menu in [APP/views/helpers/menu.php, line 9]
2008-07-13 18:26:31 Notice: Notice (8): Undefined index:  UserMenu in [APP/tmp/smarty/compile/%%87^878^878ECA9A%%sidebar.tpl.php, line 8]
2008-07-13 18:26:31 Notice: Notice (8): Undefined index:  Menu in [APP/views/helpers/menu.php, line 9]
2008-07-13 18:26:31 Notice: Notice (8): Undefined index:  UserMenu in [APP/tmp/smarty/compile/%%87^878^878ECA9A%%sidebar.tpl.php, line 8]
2008-07-13 18:28:05 Notice: Notice (8): Undefined index:  Menu in [APP/views/helpers/menu.php, line 9]
2008-07-13 18:28:05 Notice: Notice (8): Undefined index:  UserMenu in [APP/tmp/smarty/compile/%%87^878^878ECA9A%%sidebar.tpl.php, line 8]
2008-07-13 18:28:05 Notice: Notice (8): Undefined index:  Menu in [APP/views/helpers/menu.php, line 9]
2008-07-13 18:28:05 Notice: Notice (8): Undefined index:  UserMenu in [APP/tmp/smarty/compile/%%87^878^878ECA9A%%sidebar.tpl.php, line 8]
2008-07-13 18:28:32 Notice: Notice (8): Undefined index:  Menu in [APP/views/helpers/menu.php, line 9]
2008-07-13 18:28:32 Notice: Notice (8): Undefined index:  UserMenu in [APP/tmp/smarty/compile/%%87^878^878ECA9A%%sidebar.tpl.php, line 8]
2008-07-13 18:28:32 Notice: Notice (8): Undefined index:  Menu in [APP/views/helpers/menu.php, line 9]
2008-07-13 18:28:32 Notice: Notice (8): Undefined index:  UserMenu in [APP/tmp/smarty/compile/%%87^878^878ECA9A%%sidebar.tpl.php, line 8]
2008-07-13 18:28:43 Notice: Notice (8): Undefined index:  Menu in [APP/views/helpers/menu.php, line 9]
2008-07-13 18:28:43 Notice: Notice (8): Undefined index:  UserMenu in [APP/tmp/smarty/compile/%%87^878^878ECA9A%%sidebar.tpl.php, line 8]
2008-07-13 18:28:43 Notice: Notice (8): Undefined index:  Menu in [APP/views/helpers/menu.php, line 9]
2008-07-13 18:28:43 Notice: Notice (8): Undefined index:  UserMenu in [APP/tmp/smarty/compile/%%87^878^878ECA9A%%sidebar.tpl.php, line 8]
2008-07-13 18:29:20 Notice: Notice (8): Undefined index:  Menu in [APP/views/helpers/menu.php, line 9]
2008-07-13 18:29:20 Notice: Notice (8): Undefined index:  UserMenu in [APP/tmp/smarty/compile/%%87^878^878ECA9A%%sidebar.tpl.php, line 8]
2008-07-13 18:29:20 Notice: Notice (8): Undefined index:  Menu in [APP/views/helpers/menu.php, line 9]
2008-07-13 18:29:20 Notice: Notice (8): Undefined index:  UserMenu in [APP/tmp/smarty/compile/%%87^878^878ECA9A%%sidebar.tpl.php, line 8]
2008-07-13 18:30:02 Notice: Notice (8): Undefined index:  Menu in [APP/views/helpers/menu.php, line 9]
2008-07-13 18:30:02 Notice: Notice (8): Undefined index:  UserMenu in [APP/tmp/smarty/compile/%%87^878^878ECA9A%%sidebar.tpl.php, line 8]
2008-07-13 18:30:02 Notice: Notice (8): Undefined index:  Menu in [APP/views/helpers/menu.php, line 9]
2008-07-13 18:30:02 Notice: Notice (8): Undefined index:  UserMenu in [APP/tmp/smarty/compile/%%87^878^878ECA9A%%sidebar.tpl.php, line 8]
2008-07-13 18:31:11 Notice: Notice (8): Undefined index:  Menu in [APP/views/helpers/menu.php, line 9]
2008-07-13 18:31:11 Notice: Notice (8): Undefined index:  UserMenu in [APP/tmp/smarty/compile/%%87^878^878ECA9A%%sidebar.tpl.php, line 8]
2008-07-13 18:31:11 Notice: Notice (8): Undefined index:  Menu in [APP/views/helpers/menu.php, line 9]
2008-07-13 18:31:11 Notice: Notice (8): Undefined index:  UserMenu in [APP/tmp/smarty/compile/%%87^878^878ECA9A%%sidebar.tpl.php, line 8]
2008-07-13 18:32:04 Notice: Notice (8): Undefined index:  Menu in [APP/views/helpers/menu.php, line 9]
2008-07-13 18:32:04 Notice: Notice (8): Undefined index:  UserMenu in [APP/tmp/smarty/compile/%%87^878^878ECA9A%%sidebar.tpl.php, line 8]
2008-07-13 18:32:04 Notice: Notice (8): Undefined index:  Menu in [APP/views/helpers/menu.php, line 9]
2008-07-13 18:32:04 Notice: Notice (8): Undefined index:  UserMenu in [APP/tmp/smarty/compile/%%87^878^878ECA9A%%sidebar.tpl.php, line 8]
2008-07-13 18:46:03 Notice: Notice (8): Undefined index:  Menu in [APP/views/helpers/menu.php, line 9]
2008-07-13 18:46:03 Notice: Notice (8): Undefined index:  UserMenu in [APP/tmp/smarty/compile/%%87^878^878ECA9A%%sidebar.tpl.php, line 8]
2008-07-13 18:54:37 Notice: Notice (8): Undefined index:  Menu in [APP/views/helpers/menu.php, line 9]
2008-07-13 18:54:37 Notice: Notice (8): Undefined index:  UserMenu in [APP/tmp/smarty/compile/%%87^878^878ECA9A%%sidebar.tpl.php, line 8]
2008-07-13 18:59:09 Notice: Notice (8): Undefined index:  Menu in [APP/views/helpers/menu.php, line 9]
2008-07-13 18:59:09 Notice: Notice (8): Undefined index:  UserMenu in [APP/tmp/smarty/compile/%%87^878^878ECA9A%%sidebar.tpl.php, line 8]
2008-07-14 10:27:55 Notice: Notice (8): Undefined index:  Menu in [APP/views/helpers/menu.php, line 9]
2008-07-14 10:27:55 Notice: Notice (8): Undefined index:  UserMenu in [APP/tmp/smarty/compile/%%87^878^878ECA9A%%sidebar.tpl.php, line 8]
2008-07-14 10:28:26 Notice: Notice (8): Undefined index:  Menu in [APP/views/helpers/menu.php, line 9]
2008-07-14 10:28:26 Notice: Notice (8): Undefined index:  UserMenu in [APP/tmp/smarty/compile/%%87^878^878ECA9A%%sidebar.tpl.php, line 8]
2008-07-14 11:09:41 Notice: Notice (8): Undefined index:  Menu in [APP/views/helpers/menu.php, line 9]
2008-07-14 11:09:41 Notice: Notice (8): Undefined index:  UserMenu in [APP/tmp/smarty/compile/%%87^878^878ECA9A%%sidebar.tpl.php, line 8]
2008-07-14 12:00:31 Notice: Notice (8): Undefined index:  Menu in [APP/views/helpers/menu.php, line 9]
2008-07-14 12:00:31 Notice: Notice (8): Undefined index:  UserMenu in [APP/tmp/smarty/compile/%%87^878^878ECA9A%%sidebar.tpl.php, line 8]
2008-07-14 12:01:53 Notice: Notice (8): Undefined index:  Menu in [APP/views/helpers/menu.php, line 9]
2008-07-14 12:01:53 Notice: Notice (8): Undefined index:  UserMenu in [APP/tmp/smarty/compile/%%87^878^878ECA9A%%sidebar.tpl.php, line 8]
2008-07-14 12:02:19 Notice: Notice (8): Undefined index:  Menu in [APP/views/helpers/menu.php, line 9]
2008-07-14 12:02:19 Notice: Notice (8): Undefined index:  UserMenu in [APP/tmp/smarty/compile/%%87^878^878ECA9A%%sidebar.tpl.php, line 8]
2008-07-14 12:03:36 Notice: Notice (8): Undefined index:  Menu in [APP/views/helpers/menu.php, line 9]
2008-07-14 12:03:36 Notice: Notice (8): Undefined index:  UserMenu in [APP/tmp/smarty/compile/%%87^878^878ECA9A%%sidebar.tpl.php, line 8]
2008-07-14 12:05:51 Notice: Notice (8): Undefined index:  Menu in [APP/views/helpers/menu.php, line 9]
2008-07-14 12:05:51 Notice: Notice (8): Undefined index:  UserMenu in [APP/tmp/smarty/compile/%%87^878^878ECA9A%%sidebar.tpl.php, line 8]
2008-07-14 12:10:02 Notice: Notice (8): Undefined index:  result in [APP/tmp/smarty/compile/%%EA^EAF^EAF1EC5D%%transferRatio.tpl.php, line 3]
2008-07-14 12:29:07 Notice: Notice (8): Undefined index:  uploaded in [APP/controllers/users_controller.php, line 57]
2008-07-14 12:29:07 Notice: Notice (8): Undefined index:  uploaded in [APP/controllers/users_controller.php, line 60]
2008-07-14 12:29:07 Notice: Notice (8): Undefined variable: message in [APP/controllers/users_controller.php, line 69]
2008-07-14 12:30:06 Notice: Notice (8): Undefined variable: message in [APP/controllers/users_controller.php, line 69]
2008-07-15 11:10:48 Notice: Notice (8): Undefined index:  Menu in [APP/views/helpers/menu.php, line 9]
2008-07-15 11:11:14 Notice: Notice (8): Undefined index:  Menu in [APP/views/helpers/menu.php, line 9]
2008-07-15 11:13:58 Notice: Notice (8): Undefined index:  Menu in [APP/views/helpers/menu.php, line 9]
2008-07-15 11:14:22 Notice: Notice (8): Undefined index:  Menu in [APP/views/helpers/menu.php, line 9]
2008-07-15 11:16:52 Notice: Notice (8): Undefined index:  Menu in [APP/views/helpers/menu.php, line 9]
2008-07-15 11:26:32 Notice: Notice (8): Undefined index:  Menu in [APP/views/helpers/menu.php, line 9]
2008-07-15 11:31:34 Notice: Notice (8): Undefined index:  Menu in [APP/views/helpers/menu.php, line 9]
2008-07-15 11:34:13 Notice: Notice (8): Undefined index:  Menu in [APP/views/helpers/menu.php, line 9]
2008-07-15 11:38:18 Notice: Notice (8): Undefined index:  Menu in [APP/views/helpers/menu.php, line 9]
2008-07-15 11:38:41 Notice: Notice (8): Undefined index:  Menu in [APP/views/helpers/menu.php, line 9]
2008-07-15 11:39:09 Notice: Notice (8): Undefined index:  Menu in [APP/views/helpers/menu.php, line 9]
2008-07-15 11:40:07 Notice: Notice (8): Undefined index:  Menu in [APP/views/helpers/menu.php, line 9]
2008-07-15 11:40:31 Notice: Notice (8): Undefined index:  Menu in [APP/views/helpers/menu.php, line 9]
